#
# There is insufficient memory for the Java Runtime Environment to continue.
# Native memory allocation (mmap) failed to map 260046848 bytes for Failed to commit area from 0x00000004dba00000 to 0x00000004eb200000 of length 260046848.
# Possible reasons:
#   The system is out of physical RAM or swap space
#   The process is running with CompressedOops enabled, and the Java Heap may be blocking the growth of the native heap
# Possible solutions:
#   Reduce memory load on the system
#   Increase physical memory or swap space
#   Check if swap backing store is full
#   Decrease Java heap size (-Xmx/-Xms)
#   Decrease number of Java threads
#   Decrease Java thread stack sizes (-Xss)
#   Set larger code cache with -XX:ReservedCodeCacheSize=
# This output file may be truncated or incomplete.
#
#  Out of Memory Error (./open/src/hotspot/os/windows/os_windows.cpp:3298), pid=21420, tid=23316
#
# JRE version:  (11.0.21+9) (build )
# Java VM: Java HotSpot(TM) 64-Bit Server VM (11.0.21+9-LTS-193, mixed mode, sharing, tiered, compressed oops, g1 gc, windows-amd64)
# No core dump will be written. Minidumps are not enabled by default on client versions of Windows
#

---------------  S U M M A R Y ------------

Command Line: -Dfile.encoding=Cp1252 com.brainwave.task2.HospitalManagementSystem

Host: AMD Ryzen 7 5800HS with Radeon Graphics        , 16 cores, 15G,  Windows 11 , 64 bit Build 22621 (10.0.22621.4974)
Time: Tue Apr  8 20:48:25 2025 India Standard Time elapsed time: 0.014208 seconds (0d 0h 0m 0s)

---------------  T H R E A D  ---------------

Current thread (0x00000170b75e3000):  JavaThread "Unknown thread" [_thread_in_vm, id=23316, stack(0x0000000791c00000,0x0000000791d00000)]

Stack: [0x0000000791c00000,0x0000000791d00000]
Native frames: (J=compiled Java code, j=interpreted, Vv=VM code, C=native code)
V  [jvm.dll+0x66058a]
V  [jvm.dll+0x7a362f]
V  [jvm.dll+0x7a4cf9]
V  [jvm.dll+0x7a5393]
V  [jvm.dll+0x258f55]
V  [jvm.dll+0x65d8e9]
V  [jvm.dll+0x652495]
V  [jvm.dll+0x31367d]
V  [jvm.dll+0x3134e2]
V  [jvm.dll+0x318116]
V  [jvm.dll+0x360210]
V  [jvm.dll+0x35fc82]
V  [jvm.dll+0x2eed08]
V  [jvm.dll+0x2efe15]
V  [jvm.dll+0x77c687]
V  [jvm.dll+0x77df6f]
V  [jvm.dll+0x36d4b9]
V  [jvm.dll+0x76106f]
V  [jvm.dll+0x3df587]
V  [jvm.dll+0x3e1631]
C  [jli.dll+0x52e7]
C  [ucrtbase.dll+0x29333]
C  [KERNEL32.DLL+0x1259d]
C  [ntdll.dll+0x5af38]


---------------  P R O C E S S  ---------------

Threads class SMR info:
_java_thread_list=0x00000170b73880c0, length=0, elements={
}

Java Threads: ( => current thread )

Other Threads:
  0x00000170b75f8800 GCTaskThread "GC Thread#0" [stack: 0x0000000791d00000,0x0000000791e00000] [id=9176]
  0x00000170b7652800 ConcurrentGCThread "G1 Main Marker" [stack: 0x0000000791e00000,0x0000000791f00000] [id=10664]
  0x00000170b7656000 ConcurrentGCThread "G1 Conc#0" [stack: 0x0000000791f00000,0x0000000792000000] [id=18880]

[error occurred during error reporting (printing all threads), id 0xc0000005, EXCEPTION_ACCESS_VIOLATION (0xc0000005) at pc=0x00007ffac476f7c7]

VM state:not at safepoint (not fully initialized)

VM Mutex/Monitor currently owned by a thread:  ([mutex/lock_event])
[0x00000170b75df6d0] Heap_lock - owner thread: 0x00000170b75e3000

Heap address: 0x00000004dba00000, size: 3944 MB, Compressed Oops mode: Non-zero based: 0x00000004dba00000
Narrow klass base: 0x0000000000000000, Narrow klass shift: 0

GC Heap History (0 events):
No events

Deoptimization events (0 events):
No events

Classes redefined (0 events):
No events

Internal exceptions (0 events):
No events

Events (0 events):
No events


Dynamic libraries:
0x00007ff69a3a0000 - 0x00007ff69a3b0000 	C:\Program Files\Java\jdk-11\bin\javaw.exe
0x00007ffbb1ad0000 - 0x00007ffbb1ce7000 	C:\Windows\SYSTEM32\ntdll.dll
0x00007ffbb1670000 - 0x00007ffbb1734000 	C:\Windows\System32\KERNEL32.DLL
0x00007ffbaf070000 - 0x00007ffbaf441000 	C:\Windows\System32\KERNELBASE.dll
0x00007ffbaf510000 - 0x00007ffbaf621000 	C:\Windows\System32\ucrtbase.dll
0x00007ffb91df0000 - 0x00007ffb91e09000 	C:\Program Files\Java\jdk-11\bin\jli.dll
0x00007ffb91e10000 - 0x00007ffb91e2b000 	C:\Program Files\Java\jdk-11\bin\VCRUNTIME140.dll
0x00007ffbb08c0000 - 0x00007ffbb0971000 	C:\Windows\System32\ADVAPI32.dll
0x00007ffbb1210000 - 0x00007ffbb12b7000 	C:\Windows\System32\msvcrt.dll
0x00007ffbb06f0000 - 0x00007ffbb0797000 	C:\Windows\System32\sechost.dll
0x00007ffbaf040000 - 0x00007ffbaf068000 	C:\Windows\System32\bcrypt.dll
0x00007ffbaf970000 - 0x00007ffbafa84000 	C:\Windows\System32\RPCRT4.dll
0x00007ffbaf7b0000 - 0x00007ffbaf961000 	C:\Windows\System32\USER32.dll
0x00007ffbaf630000 - 0x00007ffbaf656000 	C:\Windows\System32\win32u.dll
0x00007ffb95170000 - 0x00007ffb95402000 	C:\Windows\WinSxS\amd64_microsoft.windows.common-controls_6595b64144ccf1df_6.0.22621.4830_none_270fe7d773858e80\COMCTL32.dll
0x00007ffbb1410000 - 0x00007ffbb1439000 	C:\Windows\System32\GDI32.dll
0x00007ffbaec10000 - 0x00007ffbaed2b000 	C:\Windows\System32\gdi32full.dll
0x00007ffbaef20000 - 0x00007ffbaefba000 	C:\Windows\System32\msvcp_win.dll
0x00007ffba4f80000 - 0x00007ffba4f8a000 	C:\Windows\SYSTEM32\VERSION.dll
0x00007ffbb0620000 - 0x00007ffbb0651000 	C:\Windows\System32\IMM32.DLL
0x00007ffb94f30000 - 0x00007ffb94f3c000 	C:\Program Files\Java\jdk-11\bin\vcruntime140_1.dll
0x00007ffb29360000 - 0x00007ffb293ee000 	C:\Program Files\Java\jdk-11\bin\msvcp140.dll
0x00007ffac4470000 - 0x00007ffac4fdd000 	C:\Program Files\Java\jdk-11\bin\server\jvm.dll
0x00007ffbb12c0000 - 0x00007ffbb12c8000 	C:\Windows\System32\PSAPI.DLL
0x00007ffb93aa0000 - 0x00007ffb93aa9000 	C:\Windows\SYSTEM32\WSOCK32.dll
0x00007ffba9160000 - 0x00007ffba9194000 	C:\Windows\SYSTEM32\WINMM.dll
0x00007ffbb0980000 - 0x00007ffbb09f1000 	C:\Windows\System32\WS2_32.dll
0x00007ffbadc20000 - 0x00007ffbadc38000 	C:\Windows\SYSTEM32\kernel.appcore.dll
0x00007ffb91de0000 - 0x00007ffb91df0000 	C:\Program Files\Java\jdk-11\bin\verify.dll
0x00007ffbac640000 - 0x00007ffbac872000 	C:\Windows\SYSTEM32\DBGHELP.DLL
0x00007ffbb0a00000 - 0x00007ffbb0d90000 	C:\Windows\System32\combase.dll
0x00007ffbb1330000 - 0x00007ffbb1407000 	C:\Windows\System32\OLEAUT32.dll
0x00007ffb8c1d0000 - 0x00007ffb8c202000 	C:\Windows\SYSTEM32\dbgcore.DLL
0x00007ffbaed30000 - 0x00007ffbaedab000 	C:\Windows\System32\bcryptPrimitives.dll
0x00007ffb91d80000 - 0x00007ffb91da8000 	C:\Program Files\Java\jdk-11\bin\java.dll
0x00007ffb91dd0000 - 0x00007ffb91dda000 	C:\Program Files\Java\jdk-11\bin\jimage.dll
0x00007ffb91d50000 - 0x00007ffb91d67000 	C:\Program Files\Java\jdk-11\bin\zip.dll

dbghelp: loaded successfully - version: 4.0.5 - missing functions: none
symbol engine: initialized successfully - sym options: 0x614 - pdb path: .;C:\Program Files\Java\jdk-11\bin;C:\Windows\SYSTEM32;C:\Windows\WinSxS\amd64_microsoft.windows.common-controls_6595b64144ccf1df_6.0.22621.4830_none_270fe7d773858e80;C:\Program Files\Java\jdk-11\bin\server

VM Arguments:
jvm_args: -Dfile.encoding=Cp1252 
java_command: com.brainwave.task2.HospitalManagementSystem
java_class_path (initial): D:\Internship\Brainwave_Matrix _Solutions\Task1\Hospital\bin
Launcher Type: SUN_STANDARD

[Global flags]
     intx CICompilerCount                          = 12                                        {product} {ergonomic}
     uint ConcGCThreads                            = 3                                         {product} {ergonomic}
     uint G1ConcRefinementThreads                  = 13                                        {product} {ergonomic}
   size_t G1HeapRegionSize                         = 1048576                                   {product} {ergonomic}
    uintx GCDrainStackTargetSize                   = 64                                        {product} {ergonomic}
   size_t InitialHeapSize                          = 260046848                                 {product} {ergonomic}
   size_t MarkStackSize                            = 4194304                                   {product} {ergonomic}
   size_t MaxHeapSize                              = 4135583744                                {product} {ergonomic}
   size_t MinHeapDeltaBytes                        = 1048576                                   {product} {ergonomic}
    uintx NonNMethodCodeHeapSize                   = 7594288                                {pd product} {ergonomic}
    uintx NonProfiledCodeHeapSize                  = 122031976                              {pd product} {ergonomic}
    uintx ProfiledCodeHeapSize                     = 122031976                              {pd product} {ergonomic}
    uintx ReservedCodeCacheSize                    = 251658240                              {pd product} {ergonomic}
     bool SegmentedCodeCache                       = true                                      {product} {ergonomic}
     bool UseCompressedClassPointers               = true                                 {lp64_product} {ergonomic}
     bool UseCompressedOops                        = true                                 {lp64_product} {ergonomic}
     bool UseG1GC                                  = true                                      {product} {ergonomic}
     bool UseLargePagesIndividualAllocation        = false                                  {pd product} {ergonomic}

Logging:
Log output configuration:
 #0: stdout all=warning uptime,level,tags
 #1: stderr all=off uptime,level,tags

Environment Variables:
JAVA_HOME=C:\Program Files\Java\jdk-11
PATH=C:\Program Files\Common Files\Oracle\Java\javapath;C:\Windows\system32;C:\Windows;C:\Windows\System32\Wbem;C:\Windows\System32\WindowsPowerShell\v1.0\;C:\Windows\System32\OpenSSH\;C:\Program Files (x86)\NVIDIA Corporation\PhysX\Common;C:\Program Files\NVIDIA Corporation\NVIDIA NvDLISR;C:\Program Files\Git\cmd;C:\TDM-GCC-64\bin;C:\Program Files\nodejs\;C:\Program Files\Microsoft SQL Server\150\Tools\Binn\;C:\Program Files\Microsoft SQL Server\Client SDK\ODBC\170\Tools\Binn\;C:\Program Files\dotnet\;C:\Program Files\MySQL\MySQL Shell 8.0\bin\;C:\Users\Sabir\AppData\Local\Microsoft\WindowsApps;C:\Users\Sabir\AppData\Local\Programs\Microsoft VS Code\bin;C:\Program Files\JetBrains\IntelliJ IDEA 2023.3.3\bin;C:\Program Files\MySQL\MySQL Server 8.0\bin;C:\Users\Sabir\AppData\Roaming\npm;C:\Users\Sabir\.dotnet\tools
USERNAME=Sabir
OS=Windows_NT
PROCESSOR_IDENTIFIER=AMD64 Family 25 Model 80 Stepping 0, AuthenticAMD



---------------  S Y S T E M  ---------------

OS: Windows 11 , 64 bit Build 22621 (10.0.22621.4974)
Hyper-V role detected

CPU:total 16 (initial active 16) (16 cores per cpu, 2 threads per core) family 25 model 80 stepping 0 microcode 0x0, cmov, cx8, fxsr, mmx, sse, sse2, sse3, ssse3, sse4.1, sse4.2, popcnt, avx, avx2, aes, clmul, erms, mmxext, 3dnowpref, lzcnt, sse4a, ht, tsc, tscinvbit, tscinv, bmi1, bmi2,

Memory: 4k page, system-wide physical 15773M (5032M free)
TotalPageFile size 20267M (AvailPageFile size 25M)
current process WorkingSet (physical memory assigned to process): 11M, peak: 11M
current process commit charge ("private bytes"): 71M, peak: 319M

vm_info: Java HotSpot(TM) 64-Bit Server VM (11.0.21+9-LTS-193) for windows-amd64 JRE (11.0.21+9-LTS-193), built on Sep 13 2023 11:04:38 by "mach5one" with MS VC++ 17.1 (VS2022)

END.
